<?xml version="1.0" encoding="UTF-8"?>
<!-- Generated by org.testng.reporters.JUnitReportReporter -->
<testsuite skipped="0" hostname="DESKTOP-VCE6FCA" name="com.qa.utils.DifferentDrame" tests="1" failures="0" timestamp="21 Jul 2017 19:54:59 GMT" time="0.643" errors="0">
  <testcase name="dragAndDropTestCaseWithinFrame" time="0.643" classname="com.qa.utils.DifferentDrame"/>
</testsuite> <!-- com.qa.utils.DifferentDrame -->
